2019-02-20 11:25:42,839 INFO o.a.j.u.JMeterUtils: Setting Locale to en_US
2019-02-20 11:25:42,862 INFO o.a.j.JMeter: Loading user properties from: user.properties
2019-02-20 11:25:42,862 INFO o.a.j.JMeter: Loading system properties from: system.properties
2019-02-20 11:25:42,874 INFO o.a.j.JMeter: Copyright (c) 1998-2018 The Apache Software Foundation
2019-02-20 11:25:42,874 INFO o.a.j.JMeter: Version 5.0 r1840935
2019-02-20 11:25:42,874 INFO o.a.j.JMeter: java.version=1.8.0_191
2019-02-20 11:25:42,874 INFO o.a.j.JMeter: java.vm.name=OpenJDK 64-Bit Server VM
2019-02-20 11:25:42,875 INFO o.a.j.JMeter: os.name=Linux
2019-02-20 11:25:42,875 INFO o.a.j.JMeter: os.arch=amd64
2019-02-20 11:25:42,875 INFO o.a.j.JMeter: os.version=4.15.0-43-generic
2019-02-20 11:25:42,875 INFO o.a.j.JMeter: file.encoding=UTF-8
2019-02-20 11:25:42,875 INFO o.a.j.JMeter: Max memory     =1417084928
2019-02-20 11:25:42,875 INFO o.a.j.JMeter: Available Processors =1
2019-02-20 11:25:42,883 INFO o.a.j.JMeter: Default Locale=English (United States)
2019-02-20 11:25:42,883 INFO o.a.j.JMeter: JMeter  Locale=English (United States)
2019-02-20 11:25:42,883 INFO o.a.j.JMeter: JMeterHome=/home/cpprieto/apache-jmeter-5.0
2019-02-20 11:25:42,883 INFO o.a.j.JMeter: user.dir  =/home/cpprieto/apache-jmeter-5.0/bin
2019-02-20 11:25:42,883 INFO o.a.j.JMeter: PWD       =/home/cpprieto/apache-jmeter-5.0/bin
2019-02-20 11:25:42,883 INFO o.a.j.JMeter: IP: 127.0.1.1 Name: ubuntu FullName: ubuntu
2019-02-20 11:25:43,168 INFO o.a.j.g.a.LookAndFeelCommand: Installing Darcula LAF
2019-02-20 11:25:43,321 INFO o.a.j.g.a.LookAndFeelCommand: Using look and feel: com.bulenkov.darcula.DarculaLaf [Darcula]
2019-02-20 11:25:43,322 INFO o.a.j.JMeter: Setting LAF to: com.bulenkov.darcula.DarculaLaf
2019-02-20 11:25:43,455 INFO o.a.j.JMeter: Loaded icon properties from org/apache/jmeter/images/icon.properties
2019-02-20 11:25:44,583 INFO o.a.j.e.u.CompoundVariable: Note: Function class names must contain the string: '.functions.'
2019-02-20 11:25:44,583 INFO o.a.j.e.u.CompoundVariable: Note: Function class names must not contain the string: '.gui.'
2019-02-20 11:25:46,437 INFO o.j.r.JARSourceHTTP: Found cached repo
2019-02-20 11:25:46,628 INFO o.a.j.JMeter: Loading file: /home/cpprieto/jmeter-scripts/CredentialsService.jmx
2019-02-20 11:25:46,629 INFO o.a.j.s.FileServer: Default base='/home/cpprieto/apache-jmeter-5.0/bin'
2019-02-20 11:25:46,641 INFO o.a.j.s.FileServer: Set new base='/home/cpprieto/jmeter-scripts'
2019-02-20 11:25:47,056 INFO o.j.r.PluginManager: Plugins Status: [jpgc-casutg=2.7, jpgc-plugins-manager=1.3, jmeter-core=5.0, jmeter-ftp=5.0, jmeter-http=5.0, jmeter-jdbc=5.0, jmeter-jms=5.0, jmeter-junit=5.0, jmeter-java=5.0, jmeter-ldap=5.0, jmeter-mail=5.0, jmeter-mongodb=5.0, jmeter-native=5.0, jmeter-tcp=5.0, jmeter-components=5.0]
2019-02-20 11:25:47,346 INFO o.a.j.s.SaveService: Testplan (JMX) version: 2.2. Testlog (JTL) version: 2.2
2019-02-20 11:25:47,384 INFO o.a.j.s.SaveService: Using SaveService properties file encoding UTF-8
2019-02-20 11:25:47,399 INFO o.a.j.s.SaveService: Using SaveService properties version 5.0
2019-02-20 11:25:47,409 INFO o.a.j.s.SaveService: Loading file: /home/cpprieto/jmeter-scripts/CredentialsService.jmx
2019-02-20 11:25:48,219 INFO o.a.j.p.h.c.CookieManager: Settings: Delete null: true Check: true Allow variable: true Save: false Prefix: COOKIE_
2019-02-20 11:25:48,244 INFO o.a.j.p.h.s.HTTPSamplerBase: Parser for text/html is org.apache.jmeter.protocol.http.parser.LagartoBasedHtmlParser
2019-02-20 11:25:48,263 INFO o.a.j.p.h.s.HTTPSamplerBase: Parser for application/xhtml+xml is org.apache.jmeter.protocol.http.parser.LagartoBasedHtmlParser
2019-02-20 11:25:48,266 INFO o.a.j.p.h.s.HTTPSamplerBase: Parser for application/xml is org.apache.jmeter.protocol.http.parser.LagartoBasedHtmlParser
2019-02-20 11:25:48,267 INFO o.a.j.p.h.s.HTTPSamplerBase: Parser for text/xml is org.apache.jmeter.protocol.http.parser.LagartoBasedHtmlParser
2019-02-20 11:25:48,270 INFO o.a.j.p.h.s.HTTPSamplerBase: Parser for text/vnd.wap.wml is org.apache.jmeter.protocol.http.parser.RegexpHTMLParser
2019-02-20 11:25:48,270 INFO o.a.j.p.h.s.HTTPSamplerBase: Parser for text/css is org.apache.jmeter.protocol.http.parser.CssParser
2019-02-20 11:25:48,613 INFO o.a.j.s.FileServer: Set new base='/home/cpprieto/jmeter-scripts'
2019-02-20 11:25:49,506 INFO o.a.j.s.SampleResult: Note: Sample TimeStamps are START times
2019-02-20 11:25:49,507 INFO o.a.j.s.SampleResult: sampleresult.default.encoding is set to ISO-8859-1
2019-02-20 11:25:49,507 INFO o.a.j.s.SampleResult: sampleresult.useNanoTime=true
2019-02-20 11:25:49,507 INFO o.a.j.s.SampleResult: sampleresult.nanoThreadSleep=5000
2019-02-20 11:25:49,624 WARN o.a.j.v.ViewResultsFullVisualizer: Error loading result renderer: org.apache.jmeter.visualizers.RenderInBrowser
java.lang.NoClassDefFoundError: javafx/embed/swing/JFXPanel
	at java.lang.Class.forName0(Native Method) ~[?:1.8.0_191]
	at java.lang.Class.forName(Class.java:264) ~[?:1.8.0_191]
	at org.apache.jmeter.visualizers.ViewResultsFullVisualizer.createComboRender(ViewResultsFullVisualizer.java:462) [ApacheJMeter_components.jar:5.0 r1840935]
	at org.apache.jmeter.visualizers.ViewResultsFullVisualizer.createLeftPanel(ViewResultsFullVisualizer.java:430) [ApacheJMeter_components.jar:5.0 r1840935]
	at org.apache.jmeter.visualizers.ViewResultsFullVisualizer.init(ViewResultsFullVisualizer.java:342) [ApacheJMeter_components.jar:5.0 r1840935]
	at org.apache.jmeter.visualizers.ViewResultsFullVisualizer.<init>(ViewResultsFullVisualizer.java:147) [ApacheJMeter_components.jar:5.0 r1840935]
	at sun.reflect.NativeConstructorAccessorImpl.newInstance0(Native Method) [?:1.8.0_191]
	at sun.reflect.NativeConstructorAccessorImpl.newInstance(NativeConstructorAccessorImpl.java:62) [?:1.8.0_191]
	at sun.reflect.DelegatingConstructorAccessorImpl.newInstance(DelegatingConstructorAccessorImpl.java:45) [?:1.8.0_191]
	at java.lang.reflect.Constructor.newInstance(Constructor.java:423) [?:1.8.0_191]
	at java.lang.Class.newInstance(Class.java:442) [?:1.8.0_191]
	at org.apache.jmeter.gui.GuiPackage.getGuiFromCache(GuiPackage.java:405) [ApacheJMeter_core.jar:5.0 r1840935]
	at org.apache.jmeter.gui.GuiPackage.getGui(GuiPackage.java:251) [ApacheJMeter_core.jar:5.0 r1840935]
	at org.apache.jmeter.gui.GuiPackage.getGui(GuiPackage.java:222) [ApacheJMeter_core.jar:5.0 r1840935]
	at org.apache.jmeter.gui.tree.JMeterTreeModel.addComponent(JMeterTreeModel.java:157) [ApacheJMeter_core.jar:5.0 r1840935]
	at org.apache.jmeter.gui.tree.JMeterTreeModel.addSubTree(JMeterTreeModel.java:133) [ApacheJMeter_core.jar:5.0 r1840935]
	at org.apache.jmeter.gui.tree.JMeterTreeModel.addSubTree(JMeterTreeModel.java:133) [ApacheJMeter_core.jar:5.0 r1840935]
	at org.apache.jmeter.gui.tree.JMeterTreeModel.addSubTree(JMeterTreeModel.java:125) [ApacheJMeter_core.jar:5.0 r1840935]
	at org.apache.jmeter.gui.GuiPackage.addSubTree(GuiPackage.java:522) [ApacheJMeter_core.jar:5.0 r1840935]
	at org.apache.jmeter.gui.action.Load.insertLoadedTree(Load.java:200) [ApacheJMeter_core.jar:5.0 r1840935]
	at org.apache.jmeter.gui.action.Load.insertLoadedTree(Load.java:236) [ApacheJMeter_core.jar:5.0 r1840935]
	at org.apache.jmeter.JMeter.startGui(JMeter.java:407) [ApacheJMeter_core.jar:5.0 r1840935]
	at org.apache.jmeter.JMeter.start(JMeter.java:536) [ApacheJMeter_core.jar:5.0 r1840935]
	at sun.reflect.NativeMethodAccessorImpl.invoke0(Native Method) ~[?:1.8.0_191]
	at sun.reflect.NativeMethodAccessorImpl.invoke(NativeMethodAccessorImpl.java:62) ~[?:1.8.0_191]
	at sun.reflect.DelegatingMethodAccessorImpl.invoke(DelegatingMethodAccessorImpl.java:43) ~[?:1.8.0_191]
	at java.lang.reflect.Method.invoke(Method.java:498) ~[?:1.8.0_191]
	at org.apache.jmeter.NewDriver.main(NewDriver.java:245) [ApacheJMeter.jar:5.0 r1840935]
Caused by: java.lang.ClassNotFoundException: javafx.embed.swing.JFXPanel
	at java.net.URLClassLoader.findClass(URLClassLoader.java:382) ~[?:1.8.0_191]
	at java.lang.ClassLoader.loadClass(ClassLoader.java:424) ~[?:1.8.0_191]
	at java.lang.ClassLoader.loadClass(ClassLoader.java:357) ~[?:1.8.0_191]
	... 28 more
2019-02-20 11:25:51,770 INFO o.a.j.e.KeyToolUtils: keytool found at 'keytool'
2019-02-20 11:25:51,772 INFO o.a.j.p.h.p.ProxyControl: HTTP(S) Test Script Recorder SSL Proxy will use keys that support embedded 3rd party resources in file /home/cpprieto/apache-jmeter-5.0/bin/proxyserver.jks
2019-02-20 11:25:52,944 WARN o.a.j.v.ViewResultsFullVisualizer: Error loading result renderer: org.apache.jmeter.visualizers.RenderInBrowser
java.lang.NoClassDefFoundError: javafx/embed/swing/JFXPanel
	at java.lang.Class.forName0(Native Method) ~[?:1.8.0_191]
	at java.lang.Class.forName(Class.java:264) ~[?:1.8.0_191]
	at org.apache.jmeter.visualizers.ViewResultsFullVisualizer.createComboRender(ViewResultsFullVisualizer.java:462) ~[ApacheJMeter_components.jar:5.0 r1840935]
	at org.apache.jmeter.visualizers.ViewResultsFullVisualizer.createLeftPanel(ViewResultsFullVisualizer.java:430) ~[ApacheJMeter_components.jar:5.0 r1840935]
	at org.apache.jmeter.visualizers.ViewResultsFullVisualizer.init(ViewResultsFullVisualizer.java:342) ~[ApacheJMeter_components.jar:5.0 r1840935]
	at org.apache.jmeter.visualizers.ViewResultsFullVisualizer.<init>(ViewResultsFullVisualizer.java:147) ~[ApacheJMeter_components.jar:5.0 r1840935]
	at sun.reflect.NativeConstructorAccessorImpl.newInstance0(Native Method) ~[?:1.8.0_191]
	at sun.reflect.NativeConstructorAccessorImpl.newInstance(NativeConstructorAccessorImpl.java:62) ~[?:1.8.0_191]
	at sun.reflect.DelegatingConstructorAccessorImpl.newInstance(DelegatingConstructorAccessorImpl.java:45) ~[?:1.8.0_191]
	at java.lang.reflect.Constructor.newInstance(Constructor.java:423) ~[?:1.8.0_191]
	at java.lang.Class.newInstance(Class.java:442) ~[?:1.8.0_191]
	at org.apache.jmeter.gui.util.MenuFactory.getGUIComponent(MenuFactory.java:174) ~[ApacheJMeter_core.jar:5.0 r1840935]
	at org.apache.jmeter.gui.util.MenuFactory.initializeMenus(MenuFactory.java:141) ~[ApacheJMeter_core.jar:5.0 r1840935]
	at org.apache.jmeter.gui.util.MenuFactory.<clinit>(MenuFactory.java:106) ~[ApacheJMeter_core.jar:5.0 r1840935]
	at org.apache.jmeter.threads.gui.AbstractThreadGroupGui.createAddMenu(AbstractThreadGroupGui.java:95) ~[ApacheJMeter_core.jar:5.0 r1840935]
	at org.apache.jmeter.threads.gui.AbstractThreadGroupGui.createPopupMenu(AbstractThreadGroupGui.java:68) ~[ApacheJMeter_core.jar:5.0 r1840935]
	at org.apache.jmeter.gui.tree.JMeterTreeNode.createPopupMenu(JMeterTreeNode.java:184) ~[ApacheJMeter_core.jar:5.0 r1840935]
	at org.apache.jmeter.gui.action.EditCommand.doAction(EditCommand.java:46) ~[ApacheJMeter_core.jar:5.0 r1840935]
	at org.apache.jmeter.gui.action.ActionRouter.performAction(ActionRouter.java:88) ~[ApacheJMeter_core.jar:5.0 r1840935]
	at org.apache.jmeter.gui.action.ActionRouter.lambda$actionPerformed$0(ActionRouter.java:70) ~[ApacheJMeter_core.jar:5.0 r1840935]
	at java.awt.event.InvocationEvent.dispatch(InvocationEvent.java:311) [?:1.8.0_191]
	at java.awt.EventQueue.dispatchEventImpl(EventQueue.java:758) [?:1.8.0_191]
	at java.awt.EventQueue.access$500(EventQueue.java:97) [?:1.8.0_191]
	at java.awt.EventQueue$3.run(EventQueue.java:709) [?:1.8.0_191]
	at java.awt.EventQueue$3.run(EventQueue.java:703) [?:1.8.0_191]
	at java.security.AccessController.doPrivileged(Native Method) [?:1.8.0_191]
	at java.security.ProtectionDomain$JavaSecurityAccessImpl.doIntersectionPrivilege(ProtectionDomain.java:74) [?:1.8.0_191]
	at java.awt.EventQueue.dispatchEvent(EventQueue.java:728) [?:1.8.0_191]
	at java.awt.EventDispatchThread.pumpOneEventForFilters(EventDispatchThread.java:205) [?:1.8.0_191]
	at java.awt.EventDispatchThread.pumpEventsForFilter(EventDispatchThread.java:116) [?:1.8.0_191]
	at java.awt.EventDispatchThread.pumpEventsForHierarchy(EventDispatchThread.java:105) [?:1.8.0_191]
	at java.awt.EventDispatchThread.pumpEvents(EventDispatchThread.java:101) [?:1.8.0_191]
	at java.awt.EventDispatchThread.pumpEvents(EventDispatchThread.java:93) [?:1.8.0_191]
	at java.awt.EventDispatchThread.run(EventDispatchThread.java:82) [?:1.8.0_191]
Caused by: java.lang.ClassNotFoundException: javafx.embed.swing.JFXPanel
	at java.net.URLClassLoader.findClass(URLClassLoader.java:382) ~[?:1.8.0_191]
	at java.lang.ClassLoader.loadClass(ClassLoader.java:424) ~[?:1.8.0_191]
	at java.lang.ClassLoader.loadClass(ClassLoader.java:357) ~[?:1.8.0_191]
	... 34 more
2019-02-20 11:26:53,673 INFO o.a.j.e.StandardJMeterEngine: Running the test!
2019-02-20 11:26:53,683 INFO o.a.j.s.SampleEvent: List of sample_variables: []
2019-02-20 11:26:53,683 INFO o.a.j.s.SampleEvent: List of sample_variables: []
2019-02-20 11:26:53,691 INFO o.a.j.g.u.JMeterMenuBar: setRunning(true, *local*)
2019-02-20 11:26:53,874 INFO o.a.j.e.StandardJMeterEngine: Starting ThreadGroup: 1 : jp@gc - Ultimate Thread Group
2019-02-20 11:26:53,874 INFO o.a.j.e.StandardJMeterEngine: Starting 10 threads for group jp@gc - Ultimate Thread Group.
2019-02-20 11:26:53,874 INFO o.a.j.e.StandardJMeterEngine: Thread will continue on error
2019-02-20 11:26:53,875 INFO k.a.j.t.AbstractSimpleThreadGroup: Starting thread group number 1 threads 10
2019-02-20 11:26:53,907 INFO k.a.j.t.AbstractSimpleThreadGroup: Started thread group number 1
2019-02-20 11:26:53,908 INFO o.a.j.e.StandardJMeterEngine: All thread groups have been started
2019-02-20 11:26:56,875 INFO o.a.j.t.JMeterThread: Thread started: jp@gc - Ultimate Thread Group 1-10
2019-02-20 11:26:56,879 INFO o.a.j.s.FileServer: Stored: CredentialsService.csv
2019-02-20 11:26:56,885 INFO o.a.j.p.h.s.HTTPHCAbstractImpl: Local host = ubuntu
2019-02-20 11:26:56,894 INFO o.a.j.p.h.s.HTTPHC4Impl: HTTP request retry count = 0
2019-02-20 11:26:56,993 INFO o.a.j.p.h.s.h.LazyLayeredConnectionSocketFactory: Setting up HTTPS TrustAll Socket Factory
2019-02-20 11:26:56,994 INFO o.a.j.u.JsseSSLManager: Using default SSL protocol: TLS
2019-02-20 11:26:56,995 INFO o.a.j.u.JsseSSLManager: SSL session context: per-thread
2019-02-20 11:26:57,039 INFO o.a.j.u.SSLManager: JmeterKeyStore Location:  type JKS
2019-02-20 11:26:57,040 INFO o.a.j.u.SSLManager: KeyStore created OK
2019-02-20 11:26:57,040 WARN o.a.j.u.SSLManager: Keystore file not found, loading empty keystore
2019-02-20 11:26:59,875 INFO o.a.j.t.JMeterThread: Thread started: jp@gc - Ultimate Thread Group 1-9
2019-02-20 11:27:02,876 INFO o.a.j.t.JMeterThread: Thread started: jp@gc - Ultimate Thread Group 1-8
2019-02-20 11:27:05,875 INFO o.a.j.t.JMeterThread: Thread started: jp@gc - Ultimate Thread Group 1-7
2019-02-20 11:27:08,875 INFO o.a.j.t.JMeterThread: Thread started: jp@gc - Ultimate Thread Group 1-6
2019-02-20 11:27:11,875 INFO o.a.j.t.JMeterThread: Thread started: jp@gc - Ultimate Thread Group 1-5
2019-02-20 11:27:14,875 INFO o.a.j.t.JMeterThread: Thread started: jp@gc - Ultimate Thread Group 1-4
2019-02-20 11:27:17,876 INFO o.a.j.t.JMeterThread: Thread started: jp@gc - Ultimate Thread Group 1-3
2019-02-20 11:27:20,877 INFO o.a.j.t.JMeterThread: Thread started: jp@gc - Ultimate Thread Group 1-2
2019-02-20 11:27:23,875 INFO o.a.j.t.JMeterThread: Thread started: jp@gc - Ultimate Thread Group 1-1
2019-02-20 11:27:51,089 INFO o.a.j.g.a.Start: Stopping test
2019-02-20 11:27:51,116 INFO o.a.j.t.JMeterThread: Stopping: jp@gc - Ultimate Thread Group 1-1
2019-02-20 11:27:51,117 WARN o.a.j.t.JMeterThread: Interrupting: jp@gc - Ultimate Thread Group 1-1 sampler: HTTP Request
2019-02-20 11:27:51,163 INFO o.a.j.t.JMeterThread: Stopping: jp@gc - Ultimate Thread Group 1-9
2019-02-20 11:27:51,169 WARN o.a.j.t.JMeterThread: Interrupting: jp@gc - Ultimate Thread Group 1-9 sampler: HTTP Request
2019-02-20 11:27:51,172 INFO o.a.j.t.JMeterThread: Stopping: jp@gc - Ultimate Thread Group 1-5
2019-02-20 11:27:51,172 INFO o.a.j.t.JMeterThread: Thread finished: jp@gc - Ultimate Thread Group 1-9
2019-02-20 11:27:51,172 WARN o.a.j.t.JMeterThread: Interrupting: jp@gc - Ultimate Thread Group 1-5 sampler: HTTP Request
2019-02-20 11:27:51,176 INFO o.a.j.t.JMeterThread: Thread finished: jp@gc - Ultimate Thread Group 1-1
2019-02-20 11:27:51,178 INFO o.a.j.t.JMeterThread: Stopping: jp@gc - Ultimate Thread Group 1-3
2019-02-20 11:27:51,179 WARN o.a.j.t.JMeterThread: Interrupting: jp@gc - Ultimate Thread Group 1-3 sampler: HTTP Request
2019-02-20 11:27:51,186 INFO o.a.j.t.JMeterThread: Thread finished: jp@gc - Ultimate Thread Group 1-5
2019-02-20 11:27:51,188 INFO o.a.j.t.JMeterThread: Thread finished: jp@gc - Ultimate Thread Group 1-3
2019-02-20 11:27:51,190 INFO o.a.j.t.JMeterThread: Stopping: jp@gc - Ultimate Thread Group 1-10
2019-02-20 11:27:51,190 WARN o.a.j.t.JMeterThread: Interrupting: jp@gc - Ultimate Thread Group 1-10 sampler: HTTP Request
2019-02-20 11:27:51,193 INFO o.a.j.t.JMeterThread: Stopping: jp@gc - Ultimate Thread Group 1-2
2019-02-20 11:27:51,193 WARN o.a.j.t.JMeterThread: Interrupting: jp@gc - Ultimate Thread Group 1-2 sampler: HTTP Request
2019-02-20 11:27:51,193 INFO o.a.j.t.JMeterThread: Thread finished: jp@gc - Ultimate Thread Group 1-10
2019-02-20 11:27:51,198 INFO o.a.j.t.JMeterThread: Thread finished: jp@gc - Ultimate Thread Group 1-2
2019-02-20 11:27:51,198 INFO o.a.j.t.JMeterThread: Stopping: jp@gc - Ultimate Thread Group 1-4
2019-02-20 11:27:51,198 WARN o.a.j.t.JMeterThread: Interrupting: jp@gc - Ultimate Thread Group 1-4 sampler: HTTP Request
2019-02-20 11:27:51,200 INFO o.a.j.t.JMeterThread: Thread finished: jp@gc - Ultimate Thread Group 1-4
2019-02-20 11:27:51,200 INFO o.a.j.t.JMeterThread: Stopping: jp@gc - Ultimate Thread Group 1-6
2019-02-20 11:27:51,201 WARN o.a.j.t.JMeterThread: Interrupting: jp@gc - Ultimate Thread Group 1-6 sampler: HTTP Request
2019-02-20 11:27:51,207 INFO o.a.j.t.JMeterThread: Thread finished: jp@gc - Ultimate Thread Group 1-6
2019-02-20 11:27:51,207 INFO o.a.j.t.JMeterThread: Stopping: jp@gc - Ultimate Thread Group 1-8
2019-02-20 11:27:51,207 WARN o.a.j.t.JMeterThread: Interrupting: jp@gc - Ultimate Thread Group 1-8 sampler: HTTP Request
2019-02-20 11:27:51,242 INFO o.a.j.t.JMeterThread: Thread finished: jp@gc - Ultimate Thread Group 1-8
2019-02-20 11:27:51,243 INFO o.a.j.t.JMeterThread: Stopping: jp@gc - Ultimate Thread Group 1-7
2019-02-20 11:27:51,243 WARN o.a.j.t.JMeterThread: Interrupting: jp@gc - Ultimate Thread Group 1-7 sampler: HTTP Request
2019-02-20 11:27:51,249 INFO o.a.j.t.JMeterThread: Thread finished: jp@gc - Ultimate Thread Group 1-7
2019-02-20 11:27:51,249 INFO o.a.j.e.StandardJMeterEngine: Notifying test listeners of end of test
2019-02-20 11:27:51,249 INFO o.a.j.s.FileServer: Close: CredentialsService.csv
2019-02-20 11:27:51,249 INFO o.a.j.g.u.JMeterMenuBar: setRunning(false, *local*)
2019-02-20 11:28:10,258 INFO o.a.j.e.StandardJMeterEngine: Running the test!
2019-02-20 11:28:10,259 INFO o.a.j.s.SampleEvent: List of sample_variables: []
2019-02-20 11:28:10,282 INFO o.a.j.g.u.JMeterMenuBar: setRunning(true, *local*)
2019-02-20 11:28:10,435 INFO o.a.j.e.StandardJMeterEngine: Starting ThreadGroup: 1 : jp@gc - Ultimate Thread Group
2019-02-20 11:28:10,435 INFO o.a.j.e.StandardJMeterEngine: Starting 10 threads for group jp@gc - Ultimate Thread Group.
2019-02-20 11:28:10,435 INFO o.a.j.e.StandardJMeterEngine: Thread will continue on error
2019-02-20 11:28:10,435 INFO k.a.j.t.AbstractSimpleThreadGroup: Starting thread group number 1 threads 10
2019-02-20 11:28:10,463 INFO k.a.j.t.AbstractSimpleThreadGroup: Started thread group number 1
2019-02-20 11:28:10,463 INFO o.a.j.e.StandardJMeterEngine: All thread groups have been started
2019-02-20 11:28:13,435 INFO o.a.j.t.JMeterThread: Thread started: jp@gc - Ultimate Thread Group 1-10
2019-02-20 11:28:13,436 INFO o.a.j.s.FileServer: Stored: CredentialsService.csv
2019-02-20 11:28:16,436 INFO o.a.j.t.JMeterThread: Thread started: jp@gc - Ultimate Thread Group 1-9
2019-02-20 11:28:19,435 INFO o.a.j.t.JMeterThread: Thread started: jp@gc - Ultimate Thread Group 1-8
2019-02-20 11:28:22,435 INFO o.a.j.t.JMeterThread: Thread started: jp@gc - Ultimate Thread Group 1-7
2019-02-20 11:28:25,435 INFO o.a.j.t.JMeterThread: Thread started: jp@gc - Ultimate Thread Group 1-6
2019-02-20 11:28:28,436 INFO o.a.j.t.JMeterThread: Thread started: jp@gc - Ultimate Thread Group 1-5
2019-02-20 11:28:31,436 INFO o.a.j.t.JMeterThread: Thread started: jp@gc - Ultimate Thread Group 1-4
2019-02-20 11:28:34,435 INFO o.a.j.t.JMeterThread: Thread started: jp@gc - Ultimate Thread Group 1-3
2019-02-20 11:28:37,436 INFO o.a.j.t.JMeterThread: Thread started: jp@gc - Ultimate Thread Group 1-2
2019-02-20 11:28:40,435 INFO o.a.j.t.JMeterThread: Thread started: jp@gc - Ultimate Thread Group 1-1
2019-02-20 11:29:41,628 INFO o.a.j.t.JMeterThread: Stopping because end time detected by thread: jp@gc - Ultimate Thread Group 1-10
2019-02-20 11:29:41,629 INFO o.a.j.t.JMeterThread: Thread finished: jp@gc - Ultimate Thread Group 1-10
2019-02-20 11:29:43,462 INFO o.a.j.t.JMeterThread: Stopping because end time detected by thread: jp@gc - Ultimate Thread Group 1-8
2019-02-20 11:29:43,464 INFO o.a.j.t.JMeterThread: Thread finished: jp@gc - Ultimate Thread Group 1-8
2019-02-20 11:29:43,804 INFO o.a.j.t.JMeterThread: Stopping because end time detected by thread: jp@gc - Ultimate Thread Group 1-9
2019-02-20 11:29:43,805 INFO o.a.j.t.JMeterThread: Thread finished: jp@gc - Ultimate Thread Group 1-9
2019-02-20 11:29:44,486 INFO o.a.j.t.JMeterThread: Stopping because end time detected by thread: jp@gc - Ultimate Thread Group 1-7
2019-02-20 11:29:44,486 INFO o.a.j.t.JMeterThread: Thread finished: jp@gc - Ultimate Thread Group 1-7
2019-02-20 11:29:45,459 INFO o.a.j.t.JMeterThread: Stopping because end time detected by thread: jp@gc - Ultimate Thread Group 1-6
2019-02-20 11:29:45,460 INFO o.a.j.t.JMeterThread: Thread finished: jp@gc - Ultimate Thread Group 1-6
2019-02-20 11:29:46,813 INFO o.a.j.t.JMeterThread: Stopping because end time detected by thread: jp@gc - Ultimate Thread Group 1-5
2019-02-20 11:29:46,814 INFO o.a.j.t.JMeterThread: Thread finished: jp@gc - Ultimate Thread Group 1-5
2019-02-20 11:29:47,636 INFO o.a.j.t.JMeterThread: Stopping because end time detected by thread: jp@gc - Ultimate Thread Group 1-4
2019-02-20 11:29:47,636 INFO o.a.j.t.JMeterThread: Thread finished: jp@gc - Ultimate Thread Group 1-4
2019-02-20 11:29:48,546 INFO o.a.j.t.JMeterThread: Stopping because end time detected by thread: jp@gc - Ultimate Thread Group 1-3
2019-02-20 11:29:48,549 INFO o.a.j.t.JMeterThread: Thread finished: jp@gc - Ultimate Thread Group 1-3
2019-02-20 11:29:49,929 INFO o.a.j.t.JMeterThread: Stopping because end time detected by thread: jp@gc - Ultimate Thread Group 1-2
2019-02-20 11:29:49,930 INFO o.a.j.t.JMeterThread: Thread finished: jp@gc - Ultimate Thread Group 1-2
2019-02-20 11:29:50,509 INFO o.a.j.t.JMeterThread: Stopping because end time detected by thread: jp@gc - Ultimate Thread Group 1-1
2019-02-20 11:29:50,509 INFO o.a.j.t.JMeterThread: Thread finished: jp@gc - Ultimate Thread Group 1-1
2019-02-20 11:29:50,510 INFO o.a.j.e.StandardJMeterEngine: Notifying test listeners of end of test
2019-02-20 11:29:50,510 INFO o.a.j.s.FileServer: Close: CredentialsService.csv
2019-02-20 11:29:50,510 INFO o.a.j.g.u.JMeterMenuBar: setRunning(false, *local*)
2019-02-20 12:05:55,851 INFO o.a.j.e.StandardJMeterEngine: Running the test!
2019-02-20 12:05:55,852 INFO o.a.j.s.SampleEvent: List of sample_variables: []
2019-02-20 12:05:55,856 INFO o.a.j.g.u.JMeterMenuBar: setRunning(true, *local*)
2019-02-20 12:05:56,087 INFO o.a.j.e.StandardJMeterEngine: Starting ThreadGroup: 1 : jp@gc - Ultimate Thread Group
2019-02-20 12:05:56,087 INFO o.a.j.e.StandardJMeterEngine: Starting 10 threads for group jp@gc - Ultimate Thread Group.
2019-02-20 12:05:56,087 INFO o.a.j.e.StandardJMeterEngine: Thread will continue on error
2019-02-20 12:05:56,087 INFO k.a.j.t.AbstractSimpleThreadGroup: Starting thread group number 1 threads 10
2019-02-20 12:05:56,155 INFO k.a.j.t.AbstractSimpleThreadGroup: Started thread group number 1
2019-02-20 12:05:56,169 INFO o.a.j.e.StandardJMeterEngine: All thread groups have been started
2019-02-20 12:05:58,611 INFO o.a.j.g.a.Start: Stopping test
2019-02-20 12:05:58,657 INFO o.a.j.t.JMeterThread: Stopping: jp@gc - Ultimate Thread Group 1-9
2019-02-20 12:05:58,663 INFO o.a.j.t.JMeterThread: Thread started: jp@gc - Ultimate Thread Group 1-9
2019-02-20 12:05:58,663 INFO o.a.j.t.JMeterThread: Thread finished: jp@gc - Ultimate Thread Group 1-9
2019-02-20 12:05:58,663 INFO o.a.j.t.JMeterThread: Stopping: jp@gc - Ultimate Thread Group 1-3
2019-02-20 12:05:58,663 INFO o.a.j.t.JMeterThread: Thread started: jp@gc - Ultimate Thread Group 1-3
2019-02-20 12:05:58,664 INFO o.a.j.t.JMeterThread: Thread finished: jp@gc - Ultimate Thread Group 1-3
2019-02-20 12:05:58,669 INFO o.a.j.t.JMeterThread: Stopping: jp@gc - Ultimate Thread Group 1-6
2019-02-20 12:05:58,670 INFO o.a.j.t.JMeterThread: Thread started: jp@gc - Ultimate Thread Group 1-6
2019-02-20 12:05:58,670 INFO o.a.j.t.JMeterThread: Thread finished: jp@gc - Ultimate Thread Group 1-6
2019-02-20 12:05:58,671 INFO o.a.j.t.JMeterThread: Stopping: jp@gc - Ultimate Thread Group 1-10
2019-02-20 12:05:58,671 INFO o.a.j.t.JMeterThread: Thread started: jp@gc - Ultimate Thread Group 1-10
2019-02-20 12:05:58,672 INFO o.a.j.t.JMeterThread: Thread finished: jp@gc - Ultimate Thread Group 1-10
2019-02-20 12:05:58,672 INFO o.a.j.t.JMeterThread: Stopping: jp@gc - Ultimate Thread Group 1-8
2019-02-20 12:05:58,672 INFO o.a.j.t.JMeterThread: Thread started: jp@gc - Ultimate Thread Group 1-8
2019-02-20 12:05:58,672 INFO o.a.j.t.JMeterThread: Thread finished: jp@gc - Ultimate Thread Group 1-8
2019-02-20 12:05:58,673 INFO o.a.j.t.JMeterThread: Stopping: jp@gc - Ultimate Thread Group 1-2
2019-02-20 12:05:58,673 INFO o.a.j.t.JMeterThread: Thread started: jp@gc - Ultimate Thread Group 1-2
2019-02-20 12:05:58,673 INFO o.a.j.t.JMeterThread: Thread finished: jp@gc - Ultimate Thread Group 1-2
2019-02-20 12:05:58,673 INFO o.a.j.t.JMeterThread: Stopping: jp@gc - Ultimate Thread Group 1-5
2019-02-20 12:05:58,674 INFO o.a.j.t.JMeterThread: Thread started: jp@gc - Ultimate Thread Group 1-5
2019-02-20 12:05:58,674 INFO o.a.j.t.JMeterThread: Thread finished: jp@gc - Ultimate Thread Group 1-5
2019-02-20 12:05:58,674 INFO o.a.j.t.JMeterThread: Stopping: jp@gc - Ultimate Thread Group 1-7
2019-02-20 12:05:58,674 INFO o.a.j.t.JMeterThread: Thread started: jp@gc - Ultimate Thread Group 1-7
2019-02-20 12:05:58,674 INFO o.a.j.t.JMeterThread: Thread finished: jp@gc - Ultimate Thread Group 1-7
2019-02-20 12:05:58,675 INFO o.a.j.t.JMeterThread: Stopping: jp@gc - Ultimate Thread Group 1-4
2019-02-20 12:05:58,675 INFO o.a.j.t.JMeterThread: Thread started: jp@gc - Ultimate Thread Group 1-4
2019-02-20 12:05:58,676 INFO o.a.j.t.JMeterThread: Thread finished: jp@gc - Ultimate Thread Group 1-4
2019-02-20 12:05:58,677 INFO o.a.j.t.JMeterThread: Stopping: jp@gc - Ultimate Thread Group 1-1
2019-02-20 12:05:58,677 INFO o.a.j.t.JMeterThread: Thread started: jp@gc - Ultimate Thread Group 1-1
2019-02-20 12:05:58,677 INFO o.a.j.t.JMeterThread: Thread finished: jp@gc - Ultimate Thread Group 1-1
2019-02-20 12:05:58,677 INFO o.a.j.e.StandardJMeterEngine: Notifying test listeners of end of test
2019-02-20 12:05:58,677 INFO o.a.j.g.u.JMeterMenuBar: setRunning(false, *local*)
2019-02-20 12:06:01,119 INFO o.a.j.e.StandardJMeterEngine: Running the test!
2019-02-20 12:06:01,124 INFO o.a.j.s.SampleEvent: List of sample_variables: []
2019-02-20 12:06:01,130 INFO o.a.j.g.u.JMeterMenuBar: setRunning(true, *local*)
2019-02-20 12:06:01,322 INFO o.a.j.e.StandardJMeterEngine: Starting ThreadGroup: 1 : jp@gc - Ultimate Thread Group
2019-02-20 12:06:01,322 INFO o.a.j.e.StandardJMeterEngine: Starting 10 threads for group jp@gc - Ultimate Thread Group.
2019-02-20 12:06:01,322 INFO o.a.j.e.StandardJMeterEngine: Thread will continue on error
2019-02-20 12:06:01,322 INFO k.a.j.t.AbstractSimpleThreadGroup: Starting thread group number 1 threads 10
2019-02-20 12:06:01,374 INFO k.a.j.t.AbstractSimpleThreadGroup: Started thread group number 1
2019-02-20 12:06:01,374 INFO o.a.j.e.StandardJMeterEngine: All thread groups have been started
2019-02-20 12:06:04,323 INFO o.a.j.t.JMeterThread: Thread started: jp@gc - Ultimate Thread Group 1-10
2019-02-20 12:06:04,324 INFO o.a.j.s.FileServer: Stored: CredentialsService.csv
2019-02-20 12:06:07,323 INFO o.a.j.t.JMeterThread: Thread started: jp@gc - Ultimate Thread Group 1-9
2019-02-20 12:06:10,323 INFO o.a.j.t.JMeterThread: Thread started: jp@gc - Ultimate Thread Group 1-8
2019-02-20 12:06:13,322 INFO o.a.j.t.JMeterThread: Thread started: jp@gc - Ultimate Thread Group 1-7
2019-02-20 12:06:16,322 INFO o.a.j.t.JMeterThread: Thread started: jp@gc - Ultimate Thread Group 1-6
2019-02-20 12:06:19,323 INFO o.a.j.t.JMeterThread: Thread started: jp@gc - Ultimate Thread Group 1-5
2019-02-20 12:06:22,322 INFO o.a.j.t.JMeterThread: Thread started: jp@gc - Ultimate Thread Group 1-4
2019-02-20 12:06:25,322 INFO o.a.j.t.JMeterThread: Thread started: jp@gc - Ultimate Thread Group 1-3
2019-02-20 12:06:28,322 INFO o.a.j.t.JMeterThread: Thread started: jp@gc - Ultimate Thread Group 1-2
2019-02-20 12:06:31,323 INFO o.a.j.t.JMeterThread: Thread started: jp@gc - Ultimate Thread Group 1-1
2019-02-20 12:07:32,606 INFO o.a.j.t.JMeterThread: Stopping because end time detected by thread: jp@gc - Ultimate Thread Group 1-10
2019-02-20 12:07:32,610 INFO o.a.j.t.JMeterThread: Thread finished: jp@gc - Ultimate Thread Group 1-10
2019-02-20 12:07:33,409 INFO o.a.j.t.JMeterThread: Stopping because end time detected by thread: jp@gc - Ultimate Thread Group 1-9
2019-02-20 12:07:33,410 INFO o.a.j.t.JMeterThread: Thread finished: jp@gc - Ultimate Thread Group 1-9
2019-02-20 12:07:34,346 INFO o.a.j.t.JMeterThread: Stopping because end time detected by thread: jp@gc - Ultimate Thread Group 1-8
2019-02-20 12:07:34,346 INFO o.a.j.t.JMeterThread: Thread finished: jp@gc - Ultimate Thread Group 1-8
2019-02-20 12:07:35,552 INFO o.a.j.t.JMeterThread: Stopping because end time detected by thread: jp@gc - Ultimate Thread Group 1-7
2019-02-20 12:07:35,552 INFO o.a.j.t.JMeterThread: Thread finished: jp@gc - Ultimate Thread Group 1-7
2019-02-20 12:07:36,562 INFO o.a.j.t.JMeterThread: Stopping because end time detected by thread: jp@gc - Ultimate Thread Group 1-6
2019-02-20 12:07:36,562 INFO o.a.j.t.JMeterThread: Thread finished: jp@gc - Ultimate Thread Group 1-6
2019-02-20 12:07:37,513 INFO o.a.j.t.JMeterThread: Stopping because end time detected by thread: jp@gc - Ultimate Thread Group 1-5
2019-02-20 12:07:37,513 INFO o.a.j.t.JMeterThread: Thread finished: jp@gc - Ultimate Thread Group 1-5
2019-02-20 12:07:38,636 INFO o.a.j.t.JMeterThread: Stopping because end time detected by thread: jp@gc - Ultimate Thread Group 1-4
2019-02-20 12:07:38,636 INFO o.a.j.t.JMeterThread: Thread finished: jp@gc - Ultimate Thread Group 1-4
2019-02-20 12:07:39,333 INFO o.a.j.t.JMeterThread: Stopping because end time detected by thread: jp@gc - Ultimate Thread Group 1-3
2019-02-20 12:07:39,334 INFO o.a.j.t.JMeterThread: Thread finished: jp@gc - Ultimate Thread Group 1-3
2019-02-20 12:07:40,518 INFO o.a.j.t.JMeterThread: Stopping because end time detected by thread: jp@gc - Ultimate Thread Group 1-2
2019-02-20 12:07:40,518 INFO o.a.j.t.JMeterThread: Thread finished: jp@gc - Ultimate Thread Group 1-2
2019-02-20 12:07:41,651 INFO o.a.j.t.JMeterThread: Stopping because end time detected by thread: jp@gc - Ultimate Thread Group 1-1
2019-02-20 12:07:41,653 INFO o.a.j.t.JMeterThread: Thread finished: jp@gc - Ultimate Thread Group 1-1
2019-02-20 12:07:41,656 INFO o.a.j.e.StandardJMeterEngine: Notifying test listeners of end of test
2019-02-20 12:07:41,656 INFO o.a.j.s.FileServer: Close: CredentialsService.csv
2019-02-20 12:07:41,656 INFO o.a.j.g.u.JMeterMenuBar: setRunning(false, *local*)
